<?xml version="1.0" encoding="UTF-8"?>
<coverage generated="1746194416060" clover="3.2.0">
  <project timestamp="1746194416060" name="All files">
    <metrics statements="67" coveredstatements="49" conditionals="12" coveredconditionals="6" methods="9" coveredmethods="5" elements="88" coveredelements="60" complexity="0" loc="67" ncloc="67" packages="3" files="4" classes="4"/>
    <package name="backend">
      <metrics statements="39" coveredstatements="35" conditionals="12" coveredconditionals="6" methods="5" coveredmethods="4"/>
      <file name="db.js" path="/home/myint-myat/Repos/k8s/DevSecOps/update/Three-Tier-Web-App/Application-Code/backend/db.js">
        <metrics statements="11" coveredstatements="9" conditionals="4" coveredconditionals="2" methods="1" coveredmethods="1"/>
        <line num="1" count="1" type="stmt"/>
        <line num="3" count="1" type="stmt"/>
        <line num="4" count="1" type="stmt"/>
        <line num="5" count="1" type="stmt"/>
        <line num="9" count="1" type="cond" truecount="1" falsecount="1"/>
        <line num="10" count="1" type="cond" truecount="1" falsecount="1"/>
        <line num="11" count="1" type="stmt"/>
        <line num="12" count="1" type="stmt"/>
        <line num="14" count="1" type="stmt"/>
        <line num="18" count="0" type="stmt"/>
        <line num="20" count="0" type="stmt"/>
      </file>
      <file name="index.js" path="/home/myint-myat/Repos/k8s/DevSecOps/update/Three-Tier-Web-App/Application-Code/backend/index.js">
        <metrics statements="28" coveredstatements="26" conditionals="8" coveredconditionals="4" methods="4" coveredmethods="3"/>
        <line num="1" count="1" type="stmt"/>
        <line num="3" count="1" type="stmt"/>
        <line num="4" count="1" type="stmt"/>
        <line num="5" count="1" type="stmt"/>
        <line num="6" count="1" type="stmt"/>
        <line num="7" count="1" type="stmt"/>
        <line num="8" count="1" type="stmt"/>
        <line num="10" count="1" type="stmt"/>
        <line num="12" count="1" type="stmt"/>
        <line num="13" count="1" type="stmt"/>
        <line num="18" count="1" type="stmt"/>
        <line num="19" count="1" type="stmt"/>
        <line num="22" count="1" type="stmt"/>
        <line num="24" count="1" type="stmt"/>
        <line num="26" count="1" type="stmt"/>
        <line num="27" count="1" type="cond" truecount="1" falsecount="1"/>
        <line num="28" count="1" type="stmt"/>
        <line num="29" count="1" type="stmt"/>
        <line num="32" count="1" type="cond" truecount="1" falsecount="1"/>
        <line num="33" count="0" type="stmt"/>
        <line num="35" count="1" type="stmt"/>
        <line num="40" count="1" type="stmt"/>
        <line num="42" count="1" type="stmt"/>
        <line num="45" count="1" type="stmt"/>
        <line num="47" count="1" type="cond" truecount="1" falsecount="1"/>
        <line num="48" count="1" type="cond" truecount="1" falsecount="1"/>
        <line num="49" count="0" type="stmt"/>
        <line num="52" count="1" type="stmt"/>
      </file>
    </package>
    <package name="backend.models">
      <metrics statements="4" coveredstatements="4" conditionals="0" coveredconditionals="0" methods="0" coveredmethods="0"/>
      <file name="task.js" path="/home/myint-myat/Repos/k8s/DevSecOps/update/Three-Tier-Web-App/Application-Code/backend/models/task.js">
        <metrics statements="4" coveredstatements="4" conditionals="0" coveredconditionals="0" methods="0" coveredmethods="0"/>
        <line num="1" count="1" type="stmt"/>
        <line num="2" count="1" type="stmt"/>
        <line num="4" count="1" type="stmt"/>
        <line num="15" count="1" type="stmt"/>
      </file>
    </package>
    <package name="backend.routes">
      <metrics statements="24" coveredstatements="10" conditionals="0" coveredconditionals="0" methods="4" coveredmethods="1"/>
      <file name="tasks.js" path="/home/myint-myat/Repos/k8s/DevSecOps/update/Three-Tier-Web-App/Application-Code/backend/routes/tasks.js">
        <metrics statements="24" coveredstatements="10" conditionals="0" coveredconditionals="0" methods="4" coveredmethods="1"/>
        <line num="1" count="1" type="stmt"/>
        <line num="2" count="1" type="stmt"/>
        <line num="3" count="1" type="stmt"/>
        <line num="5" count="1" type="stmt"/>
        <line num="6" count="0" type="stmt"/>
        <line num="7" count="0" type="stmt"/>
        <line num="8" count="0" type="stmt"/>
        <line num="10" count="0" type="stmt"/>
        <line num="14" count="1" type="stmt"/>
        <line num="15" count="1" type="stmt"/>
        <line num="16" count="1" type="stmt"/>
        <line num="17" count="0" type="stmt"/>
        <line num="19" count="0" type="stmt"/>
        <line num="23" count="1" type="stmt"/>
        <line num="24" count="0" type="stmt"/>
        <line num="25" count="0" type="stmt"/>
        <line num="29" count="0" type="stmt"/>
        <line num="31" count="0" type="stmt"/>
        <line num="35" count="1" type="stmt"/>
        <line num="36" count="0" type="stmt"/>
        <line num="37" count="0" type="stmt"/>
        <line num="38" count="0" type="stmt"/>
        <line num="40" count="0" type="stmt"/>
        <line num="44" count="1" type="stmt"/>
      </file>
    </package>
  </project>
</coverage>
